<?xml version="1.0" encoding="UTF-8" standalone="no"?>
<fileLog>
<createdFiles>
<entry name=".install4j\inst_jre.cfg" shared="false" uninstallMode="0"/>
<entry name="jre\legal\jdk.crypto.cryptoki\pkcs11cryptotoken.md" shared="false" uninstallMode="3"/>
<entry name="jre\lib\fonts\FiraCode-Retina.ttf" shared="false" uninstallMode="3"/>
<entry name="jre\lib\fonts\JetBrainsMono-Bold.ttf" shared="false" uninstallMode="3"/>
<entry name="javadoc\type-search-index.js" shared="false" uninstallMode="0"/>
<entry name="jre\bin\jaas.dll" shared="false" uninstallMode="3"/>
<entry name="jre\legal\jdk.crypto.mscapi\ADDITIONAL_LICENSE_INFO" shared="false" uninstallMode="3"/>
<entry name="javadoc\script-dir\images\ui-bg_highlight-soft_75_cccccc_1x100.png" shared="false" uninstallMode="0"/>
<entry name="resource\messages\messages_de.utf8" shared="false" uninstallMode="0"/>
<entry name="jre\legal\java.desktop\freetype.md" shared="false" uninstallMode="3"/>
<entry name="javadoc\script-dir\images\ui-bg_glass_65_dadada_1x400.png" shared="false" uninstallMode="0"/>
<entry name="jre\bin\nio.dll" shared="false" uninstallMode="3"/>
<entry name="jre\lib\fonts\JetBrainsMono-Regular.ttf" shared="false" uninstallMode="3"/>
<entry name="javadoc\com\exe4j\Controller.ConnectionException.html" shared="false" uninstallMode="0"/>
<entry name="jre\legal\java.desktop\jpeg.md" shared="false" uninstallMode="3"/>
<entry name="jre\lib\psfontj2d.properties" shared="false" uninstallMode="3"/>
<entry name=".install4j\response.varfile" shared="false" uninstallMode="0"/>
<entry name="jre\lib\fonts\JetBrainsMono-ExtraBoldItalic.ttf" shared="false" uninstallMode="3"/>
<entry name="jre\bin\api-ms-win-crt-filesystem-l1-1-0.dll" shared="false" uninstallMode="3"/>
<entry name=".install4j\i4jdel.exe" shared="false" uninstallMode="0"/>
<entry name="jre\bin\api-ms-win-core-interlocked-l1-1-0.dll" shared="false" uninstallMode="3"/>
<entry name="jre\include\jni.h" shared="false" uninstallMode="3"/>
<entry name="jre\bin\api-ms-win-crt-conio-l1-1-0.dll" shared="false" uninstallMode="3"/>
<entry name="jre\legal\jdk.internal.le\jline.md" shared="false" uninstallMode="3"/>
<entry name="resource\manifest" shared="false" uninstallMode="0"/>
<entry name="jre\lib\psfont.properties.ja" shared="false" uninstallMode="3"/>
<entry name="lib\slf4j-jdk14-1.7.28.jar" shared="false" uninstallMode="0"/>
<entry name="jre\lib\jvm.cfg" shared="false" uninstallMode="3"/>
<entry name="jre\legal\jdk.internal.le\ASSEMBLY_EXCEPTION" shared="false" uninstallMode="3"/>
<entry name="jre\lib\fonts\Inter-SemiBold.otf" shared="false" uninstallMode="3"/>
<entry name="jre\conf\security\java.policy" shared="false" uninstallMode="3"/>
<entry name="config\transforms\transform_2.xsl" shared="false" uninstallMode="0"/>
<entry name="jre\lib\fonts\DroidSerif-Italic.ttf" shared="false" uninstallMode="3"/>
<entry name="demo\service\ServiceDemo.java" shared="false" uninstallMode="0"/>
<entry name="javadoc\script-dir\jquery-ui.structure.min.css" shared="false" uninstallMode="0"/>
<entry name="jre\bin\fontmanager.dll" shared="false" uninstallMode="3"/>
<entry name="jre\lib\security\public_suffix_list.dat" shared="false" uninstallMode="3"/>
<entry name="jre\legal\java.naming\LICENSE" shared="false" uninstallMode="3"/>
<entry name="jre\bin\server\jvm.dll" shared="false" uninstallMode="3"/>
<entry name="jre\release" shared="false" uninstallMode="3"/>
<entry name="jre\legal\jdk.httpserver\ADDITIONAL_LICENSE_INFO" shared="false" uninstallMode="3"/>
<entry name="jre\bin\windowsaccessbridge-64.dll" shared="false" uninstallMode="3"/>
<entry name="resource\i4jdel.exe" shared="false" uninstallMode="0"/>
<entry name="jre\bin\api-ms-win-core-libraryloader-l1-1-0.dll" shared="false" uninstallMode="3"/>
<entry name="jre\bin\javajpeg.dll" shared="false" uninstallMode="3"/>
<entry name="jre\lib\fonts\Inter-Regular.otf" shared="false" uninstallMode="3"/>
<entry name="jre\bin\api-ms-win-core-processthreads-l1-1-1.dll" shared="false" uninstallMode="3"/>
<entry name="jre\lib\fonts\JetBrainsMono-BoldItalic.ttf" shared="false" uninstallMode="3"/>
<entry name="lib\kotlin-stdlib-common-1.7.10.jar" shared="false" uninstallMode="0"/>
<entry name=".install4j\i4j_extf_3_1kavuxq_18gg8kx@2x.png" shared="false" uninstallMode="2"/>
<entry name="resource\manifest.64" shared="false" uninstallMode="0"/>
<entry name="lib\flatlaf-2.5.jar" shared="false" uninstallMode="0"/>
<entry name="lib\checker-qual-2.5.2.jar" shared="false" uninstallMode="0"/>
<entry name="jre\bin\attach.dll" shared="false" uninstallMode="3"/>
<entry name="jre\bin\dt_socket.dll" shared="false" uninstallMode="3"/>
<entry name="jre\legal\jdk.crypto.cryptoki\ASSEMBLY_EXCEPTION" shared="false" uninstallMode="3"/>
<entry name="jre\conf\sound.properties" shared="false" uninstallMode="3"/>
<entry name="jre\legal\java.smartcardio\ADDITIONAL_LICENSE_INFO" shared="false" uninstallMode="3"/>
<entry name="demo\cli\hello.exe" shared="false" uninstallMode="0"/>
<entry name="resource\manifest.dpi.arm64" shared="false" uninstallMode="0"/>
<entry name="jre\legal\java.xml\ADDITIONAL_LICENSE_INFO" shared="false" uninstallMode="3"/>
<entry name="javadoc\serialized-form.html" shared="false" uninstallMode="0"/>
<entry name="lib\commons-math-2.2.jar" shared="false" uninstallMode="0"/>
<entry name="jre\bin\jsound.dll" shared="false" uninstallMode="3"/>
<entry name="jre\legal\jdk.jdwp.agent\LICENSE" shared="false" uninstallMode="3"/>
<entry name="jre\bin\splashscreen.dll" shared="false" uninstallMode="3"/>
<entry name="jre\legal\java.compiler\LICENSE" shared="false" uninstallMode="3"/>
<entry name="jre\include\win32\bridge\AccessBridgeCallbacks.h" shared="false" uninstallMode="3"/>
<entry name="jre\legal\java.rmi\ADDITIONAL_LICENSE_INFO" shared="false" uninstallMode="3"/>
<entry name="jre\conf\management\management.properties" shared="false" uninstallMode="3"/>
<entry name="jre\legal\jdk.accessibility\ADDITIONAL_LICENSE_INFO" shared="false" uninstallMode="3"/>
<entry name="jre\lib\modules" shared="false" uninstallMode="3"/>
<entry name="jre\lib\fonts\DroidSansMonoDotted.ttf" shared="false" uninstallMode="3"/>
<entry name="jre\lib\classlist" shared="false" uninstallMode="3"/>
<entry name="jre\legal\jdk.unsupported.desktop\LICENSE" shared="false" uninstallMode="3"/>
<entry name="jre\lib\fontconfig.bfc" shared="false" uninstallMode="3"/>
<entry name="jre\bin\keytool.exe" shared="false" uninstallMode="3"/>
<entry name="jre\legal\java.scripting\ADDITIONAL_LICENSE_INFO" shared="false" uninstallMode="3"/>
<entry name="jre\conf\management\jmxremote.access" shared="false" uninstallMode="3"/>
<entry name="jre\legal\jdk.naming.dns\ASSEMBLY_EXCEPTION" shared="false" uninstallMode="3"/>
<entry name="jre\legal\jdk.unsupported\LICENSE" shared="false" uninstallMode="3"/>
<entry name="lib\bcprov-jdk18on-1.72.jar" shared="false" uninstallMode="0"/>
<entry name="jre\legal\java.desktop\libpng.md" shared="false" uninstallMode="3"/>
<entry name="jre\legal\jdk.attach\ADDITIONAL_LICENSE_INFO" shared="false" uninstallMode="3"/>
<entry name="jre\bin\jaccessinspector.exe" shared="false" uninstallMode="3"/>
<entry name="lib\kotlin-stdlib-jdk8-1.7.10.jar" shared="false" uninstallMode="0"/>
<entry name="jre\conf\security\java.security" shared="false" uninstallMode="3"/>
<entry name="javadoc\script-dir\images\ui-icons_2e83ff_256x240.png" shared="false" uninstallMode="0"/>
<entry name="lib\kotlin-stdlib-1.7.10.jar" shared="false" uninstallMode="0"/>
<entry name="config\transforms\transform_1.xsl" shared="false" uninstallMode="0"/>
<entry name=".install4j\installation.log" shared="false" uninstallMode="0"/>
<entry name="javadoc\help-doc.html" shared="false" uninstallMode="0"/>
<entry name="jre\legal\java.instrument\LICENSE" shared="false" uninstallMode="3"/>
<entry name="jre\legal\jdk.zipfs\ADDITIONAL_LICENSE_INFO" shared="false" uninstallMode="3"/>
<entry name="jre\legal\java.xml\ASSEMBLY_EXCEPTION" shared="false" uninstallMode="3"/>
<entry name="jre\legal\java.xml.crypto\LICENSE" shared="false" uninstallMode="3"/>
<entry name="javadoc\script-dir\images\ui-bg_glass_95_fef1ec_1x400.png" shared="false" uninstallMode="0"/>
<entry name="jre\bin\ktab.exe" shared="false" uninstallMode="3"/>
<entry name="jre\legal\jdk.httpserver\ASSEMBLY_EXCEPTION" shared="false" uninstallMode="3"/>
<entry name="jre\lib\fonts\DroidSans-Bold.ttf" shared="false" uninstallMode="3"/>
<entry name=".install4j\stats.properties" shared="false" uninstallMode="2"/>
<entry name="resource\messages\languages" shared="false" uninstallMode="0"/>
<entry name="jre\lib\fonts\JetBrainsMono-ExtraBold.ttf" shared="false" uninstallMode="3"/>
<entry name="jre\legal\jdk.sctp\ADDITIONAL_LICENSE_INFO" shared="false" uninstallMode="3"/>
<entry name="jre\legal\java.xml\jcup.md" shared="false" uninstallMode="3"/>
<entry name="jre\bin\ucrtbase.dll" shared="false" uninstallMode="3"/>
<entry name="jre\bin\client\classes.jsa" shared="false" uninstallMode="0"/>
<entry name="jre\legal\jdk.management\LICENSE" shared="false" uninstallMode="3"/>
<entry name="javadoc\index-all.html" shared="false" uninstallMode="0"/>
<entry name="lib\flatlaf-windows-x86.dll" shared="false" uninstallMode="0"/>
<entry name="jre\legal\java.compiler\ADDITIONAL_LICENSE_INFO" shared="false" uninstallMode="3"/>
<entry name="jre\lib\fonts\DroidSerif-BoldItalic.ttf" shared="false" uninstallMode="3"/>
<entry name="javadoc\script.js" shared="false" uninstallMode="0"/>
<entry name="jre\bin\msvcp140.dll" shared="false" uninstallMode="3"/>
<entry name="jre\legal\jdk.management.agent\LICENSE" shared="false" uninstallMode="3"/>
<entry name="jre\lib\fonts\FiraCode-Medium.ttf" shared="false" uninstallMode="3"/>
<entry name="jre\legal\java.net.http\ADDITIONAL_LICENSE_INFO" shared="false" uninstallMode="3"/>
<entry name="jre\legal\jdk.security.jgss\ADDITIONAL_LICENSE_INFO" shared="false" uninstallMode="3"/>
<entry name="doc\help.pdf" shared="false" uninstallMode="0"/>
<entry name="jre\legal\jdk.security.auth\ASSEMBLY_EXCEPTION" shared="false" uninstallMode="3"/>
<entry name="jre\bin\api-ms-win-core-processthreads-l1-1-0.dll" shared="false" uninstallMode="3"/>
<entry name="jre\bin\api-ms-win-crt-stdio-l1-1-0.dll" shared="false" uninstallMode="3"/>
<entry name="jre\conf\security\policy\README.txt" shared="false" uninstallMode="3"/>
<entry name="jre\legal\java.desktop\ADDITIONAL_LICENSE_INFO" shared="false" uninstallMode="3"/>
<entry name="resource\winln.bin.arm64" shared="false" uninstallMode="0"/>
<entry name="jre\legal\jdk.jdwp.agent\ADDITIONAL_LICENSE_INFO" shared="false" uninstallMode="3"/>
<entry name="javadoc\index.html" shared="false" uninstallMode="0"/>
<entry name="lib\flatlaf-extras-2.5.jar" shared="false" uninstallMode="0"/>
<entry name=".install4j\pref_jre.cfg" shared="false" uninstallMode="0"/>
<entry name="jre\legal\jdk.localedata\ADDITIONAL_LICENSE_INFO" shared="false" uninstallMode="3"/>
<entry name="lib\j2objc-annotations-1.1.jar" shared="false" uninstallMode="0"/>
<entry name="jre\legal\jdk.dynalink\ASSEMBLY_EXCEPTION" shared="false" uninstallMode="3"/>
<entry name="jre\legal\java.xml.crypto\santuario.md" shared="false" uninstallMode="3"/>
<entry name="jre\conf\security\policy\unlimited\default_local.policy" shared="false" uninstallMode="3"/>
<entry name=".install4j\MessagesDefault" shared="false" uninstallMode="2"/>
<entry name="jre\legal\java.sql.rowset\ASSEMBLY_EXCEPTION" shared="false" uninstallMode="3"/>
<entry name="jre\legal\jdk.unsupported\ASSEMBLY_EXCEPTION" shared="false" uninstallMode="3"/>
<entry name="javadoc\tag-search-index.js" shared="false" uninstallMode="0"/>
<entry name="jre\legal\java.base\aes.md" shared="false" uninstallMode="3"/>
<entry name="javadoc\jquery-ui.overrides.css" shared="false" uninstallMode="0"/>
<entry name="jre\lib\fonts\SourceCodePro-Regular.ttf" shared="false" uninstallMode="3"/>
<entry name="jre\legal\java.security.sasl\LICENSE" shared="false" uninstallMode="3"/>
<entry name=".install4j\i4jruntime.jar" shared="false" uninstallMode="2"/>
<entry name="jre\conf\net.properties" shared="false" uninstallMode="3"/>
<entry name="jre\legal\jdk.internal.vm.ci\ADDITIONAL_LICENSE_INFO" shared="false" uninstallMode="3"/>
<entry name="jre\bin\api-ms-win-core-file-l2-1-0.dll" shared="false" uninstallMode="3"/>
<entry name="jre\lib\fonts\Inconsolata.ttf" shared="false" uninstallMode="3"/>
<entry name="jre\bin\jabswitch.exe" shared="false" uninstallMode="3"/>
<entry name="jre\lib\fonts\fonts.dir" shared="false" uninstallMode="3"/>
<entry name="jre\legal\java.desktop\lcms.md" shared="false" uninstallMode="3"/>
<entry name="jre\legal\jdk.crypto.ec\ASSEMBLY_EXCEPTION" shared="false" uninstallMode="3"/>
<entry name="jre\legal\jdk.xml.dom\LICENSE" shared="false" uninstallMode="3"/>
<entry name="javadoc\overview-tree.html" shared="false" uninstallMode="0"/>
<entry name="jre\legal\java.instrument\ASSEMBLY_EXCEPTION" shared="false" uninstallMode="3"/>
<entry name="bin\options\win.options" shared="false" uninstallMode="0"/>
<entry name="jre\legal\jdk.naming.dns\LICENSE" shared="false" uninstallMode="3"/>
<entry name="jre\bin\api-ms-win-core-synch-l1-1-0.dll" shared="false" uninstallMode="3"/>
<entry name="jre\legal\jdk.management\ASSEMBLY_EXCEPTION" shared="false" uninstallMode="3"/>
<entry name="javadoc\legal\ASSEMBLY_EXCEPTION" shared="false" uninstallMode="0"/>
<entry name="jre\legal\java.se\LICENSE" shared="false" uninstallMode="3"/>
<entry name="resource\i4jdel.exe.arm64" shared="false" uninstallMode="0"/>
<entry name=".install4j\i4jinst.dll" shared="false" uninstallMode="0"/>
<entry name="resource\winsvc.bin.64" shared="false" uninstallMode="0"/>
<entry name="jre\legal\java.net.http\ASSEMBLY_EXCEPTION" shared="false" uninstallMode="3"/>
<entry name="license.txt" shared="false" uninstallMode="0"/>
<entry name="jre\legal\jdk.unsupported.desktop\ADDITIONAL_LICENSE_INFO" shared="false" uninstallMode="3"/>
<entry name="jre\bin\management_agent.dll" shared="false" uninstallMode="3"/>
<entry name="jre\legal\java.datatransfer\ADDITIONAL_LICENSE_INFO" shared="false" uninstallMode="3"/>
<entry name="jre\legal\jdk.crypto.ec\ADDITIONAL_LICENSE_INFO" shared="false" uninstallMode="3"/>
<entry name="jre\legal\jdk.internal.vm.ci\LICENSE" shared="false" uninstallMode="3"/>
<entry name="jre\include\win32\bridge\AccessBridgeCalls.h" shared="false" uninstallMode="3"/>
<entry name="jre\legal\java.transaction.xa\ASSEMBLY_EXCEPTION" shared="false" uninstallMode="3"/>
<entry name="jre\bin\vcruntime140.dll" shared="false" uninstallMode="3"/>
<entry name="demo\cli\HelloCli.class" shared="false" uninstallMode="0"/>
<entry name="jre\bin\api-ms-win-crt-string-l1-1-0.dll" shared="false" uninstallMode="3"/>
<entry name="jre\lib\sparc\client\classes.jsa" shared="false" uninstallMode="0"/>
<entry name="jre\legal\java.base\LICENSE" shared="false" uninstallMode="3"/>
<entry name="jre\legal\jdk.xml.dom\ADDITIONAL_LICENSE_INFO" shared="false" uninstallMode="3"/>
<entry name="bin\exe4jc.exe" shared="false" uninstallMode="0"/>
<entry name="jre\bin\api-ms-win-core-localization-l1-2-0.dll" shared="false" uninstallMode="3"/>
<entry name=".install4j\i4j_extf_3_1kavuxq_18gg8kx@2x_dark.png" shared="false" uninstallMode="2"/>
<entry name="jre\legal\java.net.http\LICENSE" shared="false" uninstallMode="3"/>
<entry name="lib\flatlaf-jide-oss-2.5.jar" shared="false" uninstallMode="0"/>
<entry name="jre\legal\jdk.zipfs\LICENSE" shared="false" uninstallMode="3"/>
<entry name="jre\bin\w2k_lsa_auth.dll" shared="false" uninstallMode="3"/>
<entry name="jre\legal\java.xml\dom.md" shared="false" uninstallMode="3"/>
<entry name="jre\legal\jdk.unsupported.desktop\ASSEMBLY_EXCEPTION" shared="false" uninstallMode="3"/>
<entry name="jre\legal\jdk.xml.dom\ASSEMBLY_EXCEPTION" shared="false" uninstallMode="3"/>
<entry name="jre\bin\api-ms-win-core-profile-l1-1-0.dll" shared="false" uninstallMode="3"/>
<entry name="jre\legal\java.security.jgss\ASSEMBLY_EXCEPTION" shared="false" uninstallMode="3"/>
<entry name="jre\legal\java.naming\ADDITIONAL_LICENSE_INFO" shared="false" uninstallMode="3"/>
<entry name="jre\legal\jdk.management\ADDITIONAL_LICENSE_INFO" shared="false" uninstallMode="3"/>
<entry name="jre\bin\net.dll" shared="false" uninstallMode="3"/>
<entry name="jre\legal\jdk.jdwp.agent\ASSEMBLY_EXCEPTION" shared="false" uninstallMode="3"/>
<entry name="jre\legal\java.management\ADDITIONAL_LICENSE_INFO" shared="false" uninstallMode="3"/>
<entry name="javadoc\script-dir\images\ui-bg_glass_75_dadada_1x400.png" shared="false" uninstallMode="0"/>
<entry name="jre\legal\java.management\LICENSE" shared="false" uninstallMode="3"/>
<entry name="demo\cli\HelloCli.java" shared="false" uninstallMode="0"/>
<entry name="jre\include\jvmti.h" shared="false" uninstallMode="3"/>
<entry name="jre\legal\jdk.security.auth\LICENSE" shared="false" uninstallMode="3"/>
<entry name="jre\lib\fonts\SourceCodePro-Bold.ttf" shared="false" uninstallMode="3"/>
<entry name="jre\include\jdwpTransport.h" shared="false" uninstallMode="3"/>
<entry name="jre\bin\api-ms-win-core-file-l1-2-0.dll" shared="false" uninstallMode="3"/>
<entry name="lib\miglayout-core-4.2.jar" shared="false" uninstallMode="0"/>
<entry name="jre\lib\fonts\SourceCodePro-BoldIt.ttf" shared="false" uninstallMode="3"/>
<entry name="jre\legal\java.sql\ASSEMBLY_EXCEPTION" shared="false" uninstallMode="3"/>
<entry name="jre\legal\java.naming\ASSEMBLY_EXCEPTION" shared="false" uninstallMode="3"/>
<entry name="jre\legal\java.sql\ADDITIONAL_LICENSE_INFO" shared="false" uninstallMode="3"/>
<entry name="jre\bin\instrument.dll" shared="false" uninstallMode="3"/>
<entry name="jre\legal\java.scripting\LICENSE" shared="false" uninstallMode="3"/>
<entry name="jre\lib\fonts\DroidSerif-Bold.ttf" shared="false" uninstallMode="3"/>
<entry name="jre\bin\verify.dll" shared="false" uninstallMode="3"/>
<entry name="jre\legal\java.base\wepoll.md" shared="false" uninstallMode="3"/>
<entry name="jre\bin\api-ms-win-core-console-l1-1-0.dll" shared="false" uninstallMode="3"/>
<entry name="jre\legal\java.desktop\giflib.md" shared="false" uninstallMode="3"/>
<entry name="jre\conf\security\policy\limited\default_local.policy" shared="false" uninstallMode="3"/>
<entry name="javadoc\legal\LICENSE" shared="false" uninstallMode="0"/>
<entry name="jre\legal\java.rmi\ASSEMBLY_EXCEPTION" shared="false" uninstallMode="3"/>
<entry name="jre\legal\jdk.sctp\ASSEMBLY_EXCEPTION" shared="false" uninstallMode="3"/>
<entry name="jre\lib\fonts\font.conf" shared="false" uninstallMode="3"/>
<entry name="jre\bin\api-ms-win-core-memory-l1-1-0.dll" shared="false" uninstallMode="3"/>
<entry name="jre\lib\sparc\server\classes.jsa" shared="false" uninstallMode="0"/>
<entry name="jre\bin\lcms.dll" shared="false" uninstallMode="3"/>
<entry name=".install4j\user\flatlaf.jar" shared="false" uninstallMode="2"/>
<entry name="jre\legal\java.base\unicode.md" shared="false" uninstallMode="3"/>
<entry name="lib\animal-sniffer-annotations-1.17.jar" shared="false" uninstallMode="0"/>
<entry name="javadoc\package-search-index.js" shared="false" uninstallMode="0"/>
<entry name="lib\error_prone_annotations-2.2.0.jar" shared="false" uninstallMode="0"/>
<entry name="jre\legal\jdk.management.agent\ASSEMBLY_EXCEPTION" shared="false" uninstallMode="3"/>
<entry name="jre\legal\java.logging\ADDITIONAL_LICENSE_INFO" shared="false" uninstallMode="3"/>
<entry name="jre\legal\java.se\ASSEMBLY_EXCEPTION" shared="false" uninstallMode="3"/>
<entry name="lib\eddsa-0.3.0.jar" shared="false" uninstallMode="0"/>
<entry name="jre\bin\api-ms-win-crt-multibyte-l1-1-0.dll" shared="false" uninstallMode="3"/>
<entry name="jre\legal\jdk.internal.jvmstat\LICENSE" shared="false" uninstallMode="3"/>
<entry name="javadoc\element-list" shared="false" uninstallMode="0"/>
<entry name="jre\legal\java.xml\LICENSE" shared="false" uninstallMode="3"/>
<entry name="jre\legal\jdk.security.auth\ADDITIONAL_LICENSE_INFO" shared="false" uninstallMode="3"/>
<entry name="bin\options\mac.options" shared="false" uninstallMode="0"/>
<entry name="jre\legal\jdk.security.jgss\ASSEMBLY_EXCEPTION" shared="false" uninstallMode="3"/>
<entry name="config\transforms\transform_3.xsl" shared="false" uninstallMode="0"/>
<entry name="demo\service\service.exe4j" shared="false" uninstallMode="0"/>
<entry name="jre\legal\java.base\ASSEMBLY_EXCEPTION" shared="false" uninstallMode="3"/>
<entry name="jre\legal\jdk.internal.ed\ASSEMBLY_EXCEPTION" shared="false" uninstallMode="3"/>
<entry name="jre\legal\java.desktop\harfbuzz.md" shared="false" uninstallMode="3"/>
<entry name="jre\legal\jdk.dynalink\ADDITIONAL_LICENSE_INFO" shared="false" uninstallMode="3"/>
<entry name="lib\slf4j-api-1.7.36.jar" shared="false" uninstallMode="0"/>
<entry name="jre\legal\java.xml\bcel.md" shared="false" uninstallMode="3"/>
<entry name="javadoc\com\exe4j\Controller.StartupListener.html" shared="false" uninstallMode="0"/>
<entry name="jre\bin\j2pcsc.dll" shared="false" uninstallMode="3"/>
<entry name="javadoc\script-dir\images\ui-icons_454545_256x240.png" shared="false" uninstallMode="0"/>
<entry name="jre\lib\jrt-fs.jar" shared="false" uninstallMode="3"/>
<entry name="jre\conf\security\policy\limited\exempt_local.policy" shared="false" uninstallMode="3"/>
<entry name="jre\bin\api-ms-win-core-processenvironment-l1-1-0.dll" shared="false" uninstallMode="3"/>
<entry name="demo\service\ServiceDemo.class" shared="false" uninstallMode="0"/>
<entry name="jre\include\classfile_constants.h" shared="false" uninstallMode="3"/>
<entry name="jre\lib\fonts\JetBrainsMono-MediumItalic.ttf" shared="false" uninstallMode="3"/>
<entry name="exe4jlib.jar" shared="false" uninstallMode="0"/>
<entry name="lib\flatlaf-windows-x86_64.dll" shared="false" uninstallMode="0"/>
<entry name="jre\legal\jdk.crypto.mscapi\LICENSE" shared="false" uninstallMode="3"/>
<entry name="jre\legal\jdk.dynalink\dynalink.md" shared="false" uninstallMode="3"/>
<entry name="jre\legal\jdk.localedata\thaidict.md" shared="false" uninstallMode="3"/>
<entry name="config\template.exe4j" shared="false" uninstallMode="0"/>
<entry name="javadoc\search.js" shared="false" uninstallMode="0"/>
<entry name="jre\legal\java.xml.crypto\ASSEMBLY_EXCEPTION" shared="false" uninstallMode="3"/>
<entry name="jre\legal\java.xml\xalan.md" shared="false" uninstallMode="3"/>
<entry name="jre\bin\javaaccessbridge.dll" shared="false" uninstallMode="3"/>
<entry name="javadoc\script-dir\images\ui-icons_888888_256x240.png" shared="false" uninstallMode="0"/>
<entry name="jre\legal\jdk.internal.ed\ADDITIONAL_LICENSE_INFO" shared="false" uninstallMode="3"/>
<entry name="jre\legal\jdk.net\ASSEMBLY_EXCEPTION" shared="false" uninstallMode="3"/>
<entry name="jre\bin\api-ms-win-crt-runtime-l1-1-0.dll" shared="false" uninstallMode="3"/>
<entry name="jre\legal\java.se\ADDITIONAL_LICENSE_INFO" shared="false" uninstallMode="3"/>
<entry name="jre\lib\i386\server\classes.jsa" shared="false" uninstallMode="0"/>
<entry name="jre\legal\java.base\cldr.md" shared="false" uninstallMode="3"/>
<entry name="jre\lib\jvm.lib" shared="false" uninstallMode="3"/>
<entry name="uninstall.exe" shared="false" uninstallMode="0"/>
<entry name="bin\exe4j.exe" shared="false" uninstallMode="0"/>
<entry name="jre\bin\rmiregistry.exe" shared="false" uninstallMode="3"/>
<entry name="jre\lib\fonts\FiraCode-Regular.ttf" shared="false" uninstallMode="3"/>
<entry name="jre\bin\mlib_image.dll" shared="false" uninstallMode="3"/>
<entry name="jre\legal\jdk.security.jgss\LICENSE" shared="false" uninstallMode="3"/>
<entry name="jre\legal\java.scripting\ASSEMBLY_EXCEPTION" shared="false" uninstallMode="3"/>
<entry name="resource\winsvc.bin.arm64" shared="false" uninstallMode="0"/>
<entry name="jre\legal\jdk.naming.rmi\LICENSE" shared="false" uninstallMode="3"/>
<entry name="bin\options\base.options" shared="false" uninstallMode="0"/>
<entry name="javadoc\script-dir\images\ui-icons_222222_256x240.png" shared="false" uninstallMode="0"/>
<entry name="javadoc\com\exe4j\package-summary.html" shared="false" uninstallMode="0"/>
<entry name="jre\legal\jdk.localedata\ASSEMBLY_EXCEPTION" shared="false" uninstallMode="3"/>
<entry name="javadoc\legal\jqueryUI.md" shared="false" uninstallMode="0"/>
<entry name="jre\bin\freetype.dll" shared="false" uninstallMode="3"/>
<entry name="jre\legal\java.logging\LICENSE" shared="false" uninstallMode="3"/>
<entry name="javadoc\script-dir\images\ui-icons_cd0a0a_256x240.png" shared="false" uninstallMode="0"/>
<entry name="jre\lib\fonts\SourceCodePro-It.ttf" shared="false" uninstallMode="3"/>
<entry name="config\help.xml" shared="false" uninstallMode="0"/>
<entry name="javadoc\script-dir\images\ui-bg_glass_75_e6e6e6_1x400.png" shared="false" uninstallMode="0"/>
<entry name="jre\include\sizecalc.h" shared="false" uninstallMode="3"/>
<entry name="demo\gui\hello.exe" shared="false" uninstallMode="0"/>
<entry name="jre\legal\java.datatransfer\LICENSE" shared="false" uninstallMode="3"/>
<entry name="jre\bin\api-ms-win-core-datetime-l1-1-0.dll" shared="false" uninstallMode="3"/>
<entry name="jre\legal\java.management.rmi\LICENSE" shared="false" uninstallMode="3"/>
<entry name="jre\lib\fontconfig.properties.src" shared="false" uninstallMode="3"/>
<entry name="bin\exe4j.jar" shared="false" uninstallMode="0"/>
<entry name="jre\legal\java.sql\LICENSE" shared="false" uninstallMode="3"/>
<entry name="lib\bcpkix-jdk18on-1.72.jar" shared="false" uninstallMode="0"/>
<entry name="jre\legal\jdk.internal.jvmstat\ASSEMBLY_EXCEPTION" shared="false" uninstallMode="3"/>
<entry name="javadoc\allclasses-index.html" shared="false" uninstallMode="0"/>
<entry name="jre\legal\jdk.httpserver\LICENSE" shared="false" uninstallMode="3"/>
<entry name="jre\legal\jdk.crypto.cryptoki\ADDITIONAL_LICENSE_INFO" shared="false" uninstallMode="3"/>
<entry name="jre\legal\java.compiler\ASSEMBLY_EXCEPTION" shared="false" uninstallMode="3"/>
<entry name="jre\include\win32\jawt_md.h" shared="false" uninstallMode="3"/>
<entry name="jre\bin\zip.dll" shared="false" uninstallMode="3"/>
<entry name="jre\legal\java.management.rmi\ADDITIONAL_LICENSE_INFO" shared="false" uninstallMode="3"/>
<entry name=".install4j\i4j_extf_1_1kavuxq.html" shared="false" uninstallMode="2"/>
<entry name="jre\legal\java.management.rmi\ASSEMBLY_EXCEPTION" shared="false" uninstallMode="3"/>
<entry name="lib\commons-compress-1.21.jar" shared="false" uninstallMode="0"/>
<entry name="jre\lib\fonts\JetBrainsMono-LightItalic.ttf" shared="false" uninstallMode="3"/>
<entry name=".install4j\i4j_extf_3_1kavuxq_18gg8kx.png" shared="false" uninstallMode="2"/>
<entry name="jre\lib\amd64\server\classes.jsa" shared="false" uninstallMode="0"/>
<entry name="jre\bin\vcruntime140_1.dll" shared="false" uninstallMode="3"/>
<entry name=".install4j\i4j_extf_0_1kavuxq.utf8" shared="false" uninstallMode="2"/>
<entry name="demo\gui\hello.exe4j" shared="false" uninstallMode="0"/>
<entry name="jre\lib\fonts\DroidSans.ttf" shared="false" uninstallMode="3"/>
<entry name="jre\bin\j2gss.dll" shared="false" uninstallMode="3"/>
<entry name="jre\legal\java.sql.rowset\ADDITIONAL_LICENSE_INFO" shared="false" uninstallMode="3"/>
<entry name="jre\legal\jdk.net\ADDITIONAL_LICENSE_INFO" shared="false" uninstallMode="3"/>
<entry name="demo\cli\hello.exe4j" shared="false" uninstallMode="0"/>
<entry name="jre\bin\api-ms-win-crt-heap-l1-1-0.dll" shared="false" uninstallMode="3"/>
<entry name="jre\lib\i386\client\classes.jsa" shared="false" uninstallMode="0"/>
<entry name="resource\manifest.arm64" shared="false" uninstallMode="0"/>
<entry name="jre\legal\jdk.crypto.cryptoki\LICENSE" shared="false" uninstallMode="3"/>
<entry name="lib\kotlin-stdlib-jdk7-1.7.10.jar" shared="false" uninstallMode="0"/>
<entry name=".install4j\installer.ico" shared="false" uninstallMode="2"/>
<entry name="jre\legal\jdk.naming.rmi\ASSEMBLY_EXCEPTION" shared="false" uninstallMode="3"/>
<entry name="javadoc\resources\x.png" shared="false" uninstallMode="0"/>
<entry name=".install4j\install.prop" shared="false" uninstallMode="0"/>
<entry name="jre\lib\fonts\Inter-SemiBoldItalic.otf" shared="false" uninstallMode="3"/>
<entry name="jre\legal\jdk.internal.le\LICENSE" shared="false" uninstallMode="3"/>
<entry name="jre\lib\amd64\client\classes.jsa" shared="false" uninstallMode="0"/>
<entry name="jre\lib\security\blocked.certs" shared="false" uninstallMode="3"/>
<entry name=".install4j\user.jar" shared="false" uninstallMode="2"/>
<entry name="jre\legal\jdk.naming.dns\ADDITIONAL_LICENSE_INFO" shared="false" uninstallMode="3"/>
<entry name="jre\bin\klist.exe" shared="false" uninstallMode="3"/>
<entry name="jre\bin\api-ms-win-core-util-l1-1-0.dll" shared="false" uninstallMode="3"/>
<entry name="jre\legal\jdk.localedata\cldr.md" shared="false" uninstallMode="3"/>
<entry name="jre\conf\management\jmxremote.password.template" shared="false" uninstallMode="3"/>
<entry name="jre\lib\security\default.policy" shared="false" uninstallMode="3"/>
<entry name="jre\legal\java.base\c-libutl.md" shared="false" uninstallMode="3"/>
<entry name="jre\legal\java.smartcardio\LICENSE" shared="false" uninstallMode="3"/>
<entry name="jre\legal\jdk.unsupported\ADDITIONAL_LICENSE_INFO" shared="false" uninstallMode="3"/>
<entry name="jre\bin\api-ms-win-core-timezone-l1-1-0.dll" shared="false" uninstallMode="3"/>
<entry name="jre\legal\java.logging\ASSEMBLY_EXCEPTION" shared="false" uninstallMode="3"/>
<entry name="lib\asn-one-0.6.0.jar" shared="false" uninstallMode="0"/>
<entry name="jre\bin\jimage.dll" shared="false" uninstallMode="3"/>
<entry name="jre\lib\fonts\JetBrainsMono-ExtraLightItalic.ttf" shared="false" uninstallMode="3"/>
<entry name="jre\bin\jaccesswalker.exe" shared="false" uninstallMode="3"/>
<entry name="jre\bin\api-ms-win-core-debug-l1-1-0.dll" shared="false" uninstallMode="3"/>
<entry name="jre\bin\jrunscript.exe" shared="false" uninstallMode="3"/>
<entry name="jre\legal\java.base\zlib.md" shared="false" uninstallMode="3"/>
<entry name="jre\legal\java.prefs\ASSEMBLY_EXCEPTION" shared="false" uninstallMode="3"/>
<entry name="javadoc\script-dir\jquery-ui.min.js" shared="false" uninstallMode="0"/>
<entry name="resource\manifest.dpi.64" shared="false" uninstallMode="0"/>
<entry name="jre\legal\jdk.naming.rmi\ADDITIONAL_LICENSE_INFO" shared="false" uninstallMode="3"/>
<entry name="jre\legal\java.rmi\LICENSE" shared="false" uninstallMode="3"/>
<entry name="jre\lib\fonts\Roboto-Thin.ttf" shared="false" uninstallMode="3"/>
<entry name="javadoc\script-dir\jquery-3.5.1.min.js" shared="false" uninstallMode="0"/>
<entry name="resource\messages\messages_en.utf8" shared="false" uninstallMode="0"/>
<entry name="demo\gui\HelloGui.class" shared="false" uninstallMode="0"/>
<entry name="jre\bin\api-ms-win-core-sysinfo-l1-1-0.dll" shared="false" uninstallMode="3"/>
<entry name="demo\gui\hello.bmp" shared="false" uninstallMode="0"/>
<entry name="jre\legal\jdk.internal.vm.ci\ASSEMBLY_EXCEPTION" shared="false" uninstallMode="3"/>
<entry name="jre\legal\java.security.sasl\ASSEMBLY_EXCEPTION" shared="false" uninstallMode="3"/>
<entry name="jre\lib\tzdb.dat" shared="false" uninstallMode="3"/>
<entry name="jre\bin\javaw.exe" shared="false" uninstallMode="3"/>
<entry name="jre\legal\java.management\ASSEMBLY_EXCEPTION" shared="false" uninstallMode="3"/>
<entry name="jre\legal\jdk.crypto.cryptoki\pkcs11wrapper.md" shared="false" uninstallMode="3"/>
<entry name="jre\bin\j2pkcs11.dll" shared="false" uninstallMode="3"/>
<entry name="jre\lib\fonts\Inter-Italic.otf" shared="false" uninstallMode="3"/>
<entry name="lib\jclasslib-data-6.0.2.jar" shared="false" uninstallMode="0"/>
<entry name="jre\lib\fonts\DroidSansMonoSlashed.ttf" shared="false" uninstallMode="3"/>
<entry name="jre\legal\java.instrument\ADDITIONAL_LICENSE_INFO" shared="false" uninstallMode="3"/>
<entry name="jre\legal\java.security.jgss\LICENSE" shared="false" uninstallMode="3"/>
<entry name="jre\legal\jdk.internal.le\ADDITIONAL_LICENSE_INFO" shared="false" uninstallMode="3"/>
<entry name="jre\legal\java.desktop\LICENSE" shared="false" uninstallMode="3"/>
<entry name="jre\bin\sspi_bridge.dll" shared="false" uninstallMode="3"/>
<entry name="jre\bin\jdwp.dll" shared="false" uninstallMode="3"/>
<entry name="jre\bin\java.exe" shared="false" uninstallMode="3"/>
<entry name="javadoc\com\exe4j\package-tree.html" shared="false" uninstallMode="0"/>
<entry name="jre\conf\security\policy\limited\default_US_export.policy" shared="false" uninstallMode="3"/>
<entry name="lib\failureaccess-1.0.1.jar" shared="false" uninstallMode="0"/>
<entry name="jre\include\win32\jni_md.h" shared="false" uninstallMode="3"/>
<entry name="lib\guava-27.1-jre.jar" shared="false" uninstallMode="0"/>
<entry name="resource\messages\messages_fr.utf8" shared="false" uninstallMode="0"/>
<entry name="bin\ant.jar" shared="false" uninstallMode="0"/>
<entry name="javadoc\legal\ADDITIONAL_LICENSE_INFO" shared="false" uninstallMode="0"/>
<entry name="jre\bin\api-ms-win-crt-environment-l1-1-0.dll" shared="false" uninstallMode="3"/>
<entry name="jre\legal\jdk.management.agent\ADDITIONAL_LICENSE_INFO" shared="false" uninstallMode="3"/>
<entry name="jre\legal\java.base\icu.md" shared="false" uninstallMode="3"/>
<entry name="jre\bin\jli.dll" shared="false" uninstallMode="3"/>
<entry name="jre\lib\fonts\Roboto-Light.ttf" shared="false" uninstallMode="3"/>
<entry name="lib\bcutil-jdk18on-1.72.jar" shared="false" uninstallMode="0"/>
<entry name="jre\legal\jdk.dynalink\LICENSE" shared="false" uninstallMode="3"/>
<entry name="jre\lib\fonts\JetBrainsMono-Light.ttf" shared="false" uninstallMode="3"/>
<entry name="jre\bin\api-ms-win-crt-private-l1-1-0.dll" shared="false" uninstallMode="3"/>
<entry name="demo\service\ServiceDemo$ShutdownThread.class" shared="false" uninstallMode="0"/>
<entry name="jre\legal\jdk.charsets\LICENSE" shared="false" uninstallMode="3"/>
<entry name="jre\bin\api-ms-win-crt-locale-l1-1-0.dll" shared="false" uninstallMode="3"/>
<entry name="C:\Users\xuanc\AppData\Roaming\Microsoft\Windows\Start Menu\Programs\exe4j\Documentation\exe4j Printable Manual.lnk" shared="false" uninstallMode="2"/>
<entry name="jre\legal\java.prefs\LICENSE" shared="false" uninstallMode="3"/>
<entry name="jre\lib\fonts\JetBrainsMono-Italic.ttf" shared="false" uninstallMode="3"/>
<entry name="jre\legal\jdk.charsets\ADDITIONAL_LICENSE_INFO" shared="false" uninstallMode="3"/>
<entry name="javadoc\com\exe4j\Controller.html" shared="false" uninstallMode="0"/>
<entry name="jre\lib\fonts\JetBrainsMono-ThinItalic.ttf" shared="false" uninstallMode="3"/>
<entry name="lib\jool-0.9.14.jar" shared="false" uninstallMode="0"/>
<entry name="jre\bin\management.dll" shared="false" uninstallMode="3"/>
<entry name="jre\bin\api-ms-win-crt-utility-l1-1-0.dll" shared="false" uninstallMode="3"/>
<entry name="jre\legal\jdk.internal.ed\LICENSE" shared="false" uninstallMode="3"/>
<entry name="jre\bin\java.dll" shared="false" uninstallMode="3"/>
<entry name="jre\bin\sunmscapi.dll" shared="false" uninstallMode="3"/>
<entry name="jre\bin\api-ms-win-core-rtlsupport-l1-1-0.dll" shared="false" uninstallMode="3"/>
<entry name="jre\legal\java.base\asm.md" shared="false" uninstallMode="3"/>
<entry name="jre\bin\api-ms-win-core-namedpipe-l1-1-0.dll" shared="false" uninstallMode="3"/>
<entry name=".install4j\i4j_extf_2_1kavuxq_pz5z9g.ico" shared="false" uninstallMode="2"/>
<entry name=".install4j\autoUninstall.1" shared="false" uninstallMode="0"/>
<entry name="jre\legal\jdk.accessibility\LICENSE" shared="false" uninstallMode="3"/>
<entry name="jre\legal\java.security.jgss\ADDITIONAL_LICENSE_INFO" shared="false" uninstallMode="3"/>
<entry name="javadoc\stylesheet.css" shared="false" uninstallMode="0"/>
<entry name="jre\conf\security\policy\unlimited\default_US_export.policy" shared="false" uninstallMode="3"/>
<entry name="jre\legal\jdk.attach\LICENSE" shared="false" uninstallMode="3"/>
<entry name="jre\legal\java.base\ADDITIONAL_LICENSE_INFO" shared="false" uninstallMode="3"/>
<entry name="jre\legal\jdk.zipfs\ASSEMBLY_EXCEPTION" shared="false" uninstallMode="3"/>
<entry name="jre\bin\api-ms-win-core-synch-l1-2-0.dll" shared="false" uninstallMode="3"/>
<entry name="demo\gui\HelloGui.java" shared="false" uninstallMode="0"/>
<entry name="jre\bin\le.dll" shared="false" uninstallMode="3"/>
<entry name="jre\lib\fonts\JetBrainsMono-Medium.ttf" shared="false" uninstallMode="3"/>
<entry name=".install4j\i4jparams.conf" shared="false" uninstallMode="2"/>
<entry name="jre\include\jawt.h" shared="false" uninstallMode="3"/>
<entry name="resource\manifest.dpi" shared="false" uninstallMode="0"/>
<entry name="README.txt" shared="false" uninstallMode="0"/>
<entry name="javadoc\script-dir\images\ui-bg_glass_55_fbf9ee_1x400.png" shared="false" uninstallMode="0"/>
<entry name=".install4j\i4j_extf_3_1kavuxq_18gg8kx_dark.png" shared="false" uninstallMode="2"/>
<entry name="jre\bin\api-ms-win-crt-process-l1-1-0.dll" shared="false" uninstallMode="3"/>
<entry name="C:\Users\xuanc\AppData\Roaming\Microsoft\Windows\Start Menu\Programs\exe4j\exe4j Wizard.lnk" shared="false" uninstallMode="2"/>
<entry name="jre\legal\jdk.crypto.ec\LICENSE" shared="false" uninstallMode="3"/>
<entry name="jre\lib\fonts\JetBrainsMono-Thin.ttf" shared="false" uninstallMode="3"/>
<entry name="jre\legal\jdk.crypto.mscapi\ASSEMBLY_EXCEPTION" shared="false" uninstallMode="3"/>
<entry name="jre\legal\jdk.accessibility\ASSEMBLY_EXCEPTION" shared="false" uninstallMode="3"/>
<entry name="jre\lib\fonts\DroidSansMono.ttf" shared="false" uninstallMode="3"/>
<entry name="jre\legal\jdk.net\LICENSE" shared="false" uninstallMode="3"/>
<entry name="jre\legal\jdk.localedata\LICENSE" shared="false" uninstallMode="3"/>
<entry name="jre\legal\java.base\public_suffix.md" shared="false" uninstallMode="3"/>
<entry name="jre\legal\java.xml\xerces.md" shared="false" uninstallMode="3"/>
<entry name="jre\bin\rmi.dll" shared="false" uninstallMode="3"/>
<entry name="license.html" shared="false" uninstallMode="0"/>
<entry name="jre\legal\java.desktop\ASSEMBLY_EXCEPTION" shared="false" uninstallMode="3"/>
<entry name="config\transforms\transform_1.replacements" shared="false" uninstallMode="0"/>
<entry name="lib\miglayout-swing-4.2.jar" shared="false" uninstallMode="0"/>
<entry name="jre\legal\java.security.sasl\ADDITIONAL_LICENSE_INFO" shared="false" uninstallMode="3"/>
<entry name="lib\sshj-0.34.1.jar" shared="false" uninstallMode="0"/>
<entry name="jre\include\jvmticmlr.h" shared="false" uninstallMode="3"/>
<entry name="jre\bin\awt.dll" shared="false" uninstallMode="3"/>
<entry name="jre\bin\jawt.dll" shared="false" uninstallMode="3"/>
<entry name="jre\bin\management_ext.dll" shared="false" uninstallMode="3"/>
<entry name="jre\bin\api-ms-win-crt-convert-l1-1-0.dll" shared="false" uninstallMode="3"/>
<entry name="jre\bin\api-ms-win-core-errorhandling-l1-1-0.dll" shared="false" uninstallMode="3"/>
<entry name="jre\bin\server\classes.jsa" shared="false" uninstallMode="0"/>
<entry name="jre\lib\fonts\DroidSerif-Regular.ttf" shared="false" uninstallMode="3"/>
<entry name="jre\bin\api-ms-win-core-heap-l1-1-0.dll" shared="false" uninstallMode="3"/>
<entry name="jre\legal\jdk.sctp\LICENSE" shared="false" uninstallMode="3"/>
<entry name="jre\bin\kinit.exe" shared="false" uninstallMode="3"/>
<entry name="javadoc\member-search-index.js" shared="false" uninstallMode="0"/>
<entry name="lib\jdom2-2.0.6.1.jar" shared="false" uninstallMode="0"/>
<entry name="jre\legal\java.xml.crypto\ADDITIONAL_LICENSE_INFO" shared="false" uninstallMode="3"/>
<entry name="jre\legal\jdk.attach\ASSEMBLY_EXCEPTION" shared="false" uninstallMode="3"/>
<entry name="jre\legal\java.sql.rowset\LICENSE" shared="false" uninstallMode="3"/>
<entry name="jre\lib\fonts\JetBrainsMono-ExtraLight.ttf" shared="false" uninstallMode="3"/>
<entry name="lib\jzlib-1.1.3.jar" shared="false" uninstallMode="0"/>
<entry name="jre\legal\java.transaction.xa\LICENSE" shared="false" uninstallMode="3"/>
<entry name="jre\lib\fonts\FiraCode-Bold.ttf" shared="false" uninstallMode="3"/>
<entry name="javadoc\allpackages-index.html" shared="false" uninstallMode="0"/>
<entry name="javadoc\script-dir\jquery-ui.min.css" shared="false" uninstallMode="0"/>
<entry name="jre\bin\api-ms-win-crt-time-l1-1-0.dll" shared="false" uninstallMode="3"/>
<entry name="jre\legal\jdk.internal.jvmstat\ADDITIONAL_LICENSE_INFO" shared="false" uninstallMode="3"/>
<entry name="demo\gui\hello.ico" shared="false" uninstallMode="0"/>
<entry name="jre\lib\tzmappings" shared="false" uninstallMode="3"/>
<entry name="lib\svgSalamander-1.1.3.jar" shared="false" uninstallMode="0"/>
<entry name="jre\lib\security\cacerts" shared="false" uninstallMode="3"/>
<entry name="jre\bin\prefs.dll" shared="false" uninstallMode="3"/>
<entry name="jre\legal\java.smartcardio\ASSEMBLY_EXCEPTION" shared="false" uninstallMode="3"/>
<entry name="jre\conf\logging.properties" shared="false" uninstallMode="3"/>
<entry name="config\config_template.xml" shared="false" uninstallMode="0"/>
<entry name="jre\lib\fonts\FiraCode-Light.ttf" shared="false" uninstallMode="3"/>
<entry name="jre\bin\api-ms-win-crt-math-l1-1-0.dll" shared="false" uninstallMode="3"/>
<entry name="resource\winln.bin.64" shared="false" uninstallMode="0"/>
<entry name="resource\winsvc.bin" shared="false" uninstallMode="0"/>
<entry name="jre\bin\api-ms-win-core-handle-l1-1-0.dll" shared="false" uninstallMode="3"/>
<entry name="javadoc\legal\jquery.md" shared="false" uninstallMode="0"/>
<entry name="lib\jide-3.7.10.jar" shared="false" uninstallMode="0"/>
<entry name="jre\legal\java.transaction.xa\ADDITIONAL_LICENSE_INFO" shared="false" uninstallMode="3"/>
<entry name="jre\bin\api-ms-win-core-string-l1-1-0.dll" shared="false" uninstallMode="3"/>
<entry name="jre\legal\java.datatransfer\ASSEMBLY_EXCEPTION" shared="false" uninstallMode="3"/>
<entry name="jre\legal\java.prefs\ADDITIONAL_LICENSE_INFO" shared="false" uninstallMode="3"/>
<entry name="javadoc\module-search-index.js" shared="false" uninstallMode="0"/>
<entry name="lib\kotlin-reflect-1.7.10.jar" shared="false" uninstallMode="0"/>
<entry name="resource\winln.bin" shared="false" uninstallMode="0"/>
<entry name="jre\bin\api-ms-win-core-file-l1-1-0.dll" shared="false" uninstallMode="3"/>
<entry name="jre\legal\java.desktop\colorimaging.md" shared="false" uninstallMode="3"/>
<entry name="jre\include\win32\bridge\AccessBridgePackages.h" shared="false" uninstallMode="3"/>
<entry name="jre\legal\java.desktop\mesa3d.md" shared="false" uninstallMode="3"/>
<entry name="jre\lib\jawt.lib" shared="false" uninstallMode="3"/>
<entry name="jre\legal\jdk.charsets\ASSEMBLY_EXCEPTION" shared="false" uninstallMode="3"/>
<entry name="javadoc\resources\glass.png" shared="false" uninstallMode="0"/>
</createdFiles>
<createdDirs>
<entry name="resource\messages" shared="false" uninstallMode="0"/>
<entry name="resource" shared="false" uninstallMode="0"/>
<entry name="lib" shared="false" uninstallMode="0"/>
<entry name="jre\lib\security" shared="false" uninstallMode="3"/>
<entry name="jre\lib\fonts" shared="false" uninstallMode="3"/>
<entry name="jre\lib" shared="false" uninstallMode="3"/>
<entry name="jre\legal\jdk.zipfs" shared="false" uninstallMode="3"/>
<entry name="jre\legal\jdk.xml.dom" shared="false" uninstallMode="3"/>
<entry name="jre\legal\jdk.unsupported.desktop" shared="false" uninstallMode="3"/>
<entry name="jre\legal\jdk.unsupported" shared="false" uninstallMode="3"/>
<entry name="jre\legal\jdk.security.jgss" shared="false" uninstallMode="3"/>
<entry name="jre\legal\jdk.security.auth" shared="false" uninstallMode="3"/>
<entry name="jre\legal\jdk.sctp" shared="false" uninstallMode="3"/>
<entry name="jre\legal\jdk.net" shared="false" uninstallMode="3"/>
<entry name="jre\legal\jdk.naming.rmi" shared="false" uninstallMode="3"/>
<entry name="jre\legal\jdk.naming.dns" shared="false" uninstallMode="3"/>
<entry name="jre\legal\jdk.management.agent" shared="false" uninstallMode="3"/>
<entry name="jre\legal\jdk.management" shared="false" uninstallMode="3"/>
<entry name="jre\legal\jdk.localedata" shared="false" uninstallMode="3"/>
<entry name="jre\legal\jdk.jdwp.agent" shared="false" uninstallMode="3"/>
<entry name="jre\legal\jdk.internal.vm.ci" shared="false" uninstallMode="3"/>
<entry name="jre\legal\jdk.internal.le" shared="false" uninstallMode="3"/>
<entry name="jre\legal\jdk.internal.jvmstat" shared="false" uninstallMode="3"/>
<entry name="jre\legal\jdk.internal.ed" shared="false" uninstallMode="3"/>
<entry name="jre\legal\jdk.httpserver" shared="false" uninstallMode="3"/>
<entry name="jre\legal\jdk.dynalink" shared="false" uninstallMode="3"/>
<entry name="jre\legal\jdk.crypto.mscapi" shared="false" uninstallMode="3"/>
<entry name="jre\legal\jdk.crypto.ec" shared="false" uninstallMode="3"/>
<entry name="jre\legal\jdk.crypto.cryptoki" shared="false" uninstallMode="3"/>
<entry name="jre\legal\jdk.charsets" shared="false" uninstallMode="3"/>
<entry name="jre\legal\jdk.attach" shared="false" uninstallMode="3"/>
<entry name="jre\legal\jdk.accessibility" shared="false" uninstallMode="3"/>
<entry name="jre\legal\java.xml.crypto" shared="false" uninstallMode="3"/>
<entry name="jre\legal\java.xml" shared="false" uninstallMode="3"/>
<entry name="jre\legal\java.transaction.xa" shared="false" uninstallMode="3"/>
<entry name="jre\legal\java.sql.rowset" shared="false" uninstallMode="3"/>
<entry name="jre\legal\java.sql" shared="false" uninstallMode="3"/>
<entry name="jre\legal\java.smartcardio" shared="false" uninstallMode="3"/>
<entry name="jre\legal\java.security.sasl" shared="false" uninstallMode="3"/>
<entry name="jre\legal\java.security.jgss" shared="false" uninstallMode="3"/>
<entry name="jre\legal\java.se" shared="false" uninstallMode="3"/>
<entry name="jre\legal\java.scripting" shared="false" uninstallMode="3"/>
<entry name="jre\legal\java.rmi" shared="false" uninstallMode="3"/>
<entry name="jre\legal\java.prefs" shared="false" uninstallMode="3"/>
<entry name="jre\legal\java.net.http" shared="false" uninstallMode="3"/>
<entry name="jre\legal\java.naming" shared="false" uninstallMode="3"/>
<entry name="jre\legal\java.management.rmi" shared="false" uninstallMode="3"/>
<entry name="jre\legal\java.management" shared="false" uninstallMode="3"/>
<entry name="jre\legal\java.logging" shared="false" uninstallMode="3"/>
<entry name="jre\legal\java.instrument" shared="false" uninstallMode="3"/>
<entry name="jre\legal\java.desktop" shared="false" uninstallMode="3"/>
<entry name="jre\legal\java.datatransfer" shared="false" uninstallMode="3"/>
<entry name="jre\legal\java.compiler" shared="false" uninstallMode="3"/>
<entry name="jre\legal\java.base" shared="false" uninstallMode="3"/>
<entry name="jre\legal" shared="false" uninstallMode="3"/>
<entry name="jre\include\win32\bridge" shared="false" uninstallMode="3"/>
<entry name="jre\include\win32" shared="false" uninstallMode="3"/>
<entry name="jre\include" shared="false" uninstallMode="3"/>
<entry name="jre\conf\security\policy\unlimited" shared="false" uninstallMode="3"/>
<entry name="jre\conf\security\policy\limited" shared="false" uninstallMode="3"/>
<entry name="jre\conf\security\policy" shared="false" uninstallMode="3"/>
<entry name="jre\conf\security" shared="false" uninstallMode="3"/>
<entry name="jre\conf\management" shared="false" uninstallMode="3"/>
<entry name="jre\conf" shared="false" uninstallMode="3"/>
<entry name="jre\bin\server" shared="false" uninstallMode="3"/>
<entry name="jre\bin" shared="false" uninstallMode="3"/>
<entry name="jre" shared="false" uninstallMode="3"/>
<entry name="javadoc\script-dir\images" shared="false" uninstallMode="0"/>
<entry name="javadoc\script-dir" shared="false" uninstallMode="0"/>
<entry name="javadoc\resources" shared="false" uninstallMode="0"/>
<entry name="javadoc\legal" shared="false" uninstallMode="0"/>
<entry name="javadoc\com\exe4j" shared="false" uninstallMode="0"/>
<entry name="javadoc\com" shared="false" uninstallMode="0"/>
<entry name="javadoc" shared="false" uninstallMode="0"/>
<entry name="doc" shared="false" uninstallMode="0"/>
<entry name="demo\service" shared="false" uninstallMode="0"/>
<entry name="demo\gui" shared="false" uninstallMode="0"/>
<entry name="demo\cli" shared="false" uninstallMode="0"/>
<entry name="demo" shared="false" uninstallMode="0"/>
<entry name="config\transforms" shared="false" uninstallMode="0"/>
<entry name="config" shared="false" uninstallMode="0"/>
<entry name="bin\options" shared="false" uninstallMode="0"/>
<entry name="bin" shared="false" uninstallMode="0"/>
<entry name=".install4j\user" shared="false" uninstallMode="0"/>
<entry name=".install4j" shared="false" uninstallMode="0"/>
<entry name="." shared="false" uninstallMode="0"/>
<entry name="C:\Users\xuanc\AppData\Roaming\Microsoft\Windows\Start Menu\Programs\exe4j\Documentation" shared="false" uninstallMode="0"/>
<entry name="C:\Users\xuanc\AppData\Roaming\Microsoft\Windows\Start Menu\Programs\exe4j" shared="false" uninstallMode="0"/>
</createdDirs>
</fileLog>
